android/app/build/intermediates/manifest_merge_blame_file/release/manifest-merger-blame-release-report.txt
1<?xml version="1.0" encoding="utf-8"?>
2<manifest xmlns:android="http://schemas.android.com/apk/res/android"
3    package="com.babinsa"
4    android:versionCode="1"
5    android:versionName="1.0" >
6
7    <uses-sdk
8        android:minSdkVersion="16"
8-->src/main/AndroidManifest.xml
9        android:targetSdkVersion="28" />
9-->src/main/AndroidManifest.xml
10
11    <uses-permission android:name="android.permission.ACCESS_FINE_LOCATION" />
11-->src/main/AndroidManifest.xml:4:5-78
11-->src/main/AndroidManifest.xml:4:22-76
12    <uses-permission android:name="android.permission.ACCESS_COARSE_LOCATION" />
12-->src/main/AndroidManifest.xml:5:5-80
12-->src/main/AndroidManifest.xml:5:22-78
13    <uses-permission android:name="android.permission.INTERNET" />
13-->src/main/AndroidManifest.xml:6:5-67
13-->src/main/AndroidManifest.xml:6:22-64
14    <uses-permission android:name="android.permission.CAMERA" />
14-->src/main/AndroidManifest.xml:7:5-64
14-->src/main/AndroidManifest.xml:7:22-62
15    <uses-permission android:name="android.permission.VIBRATE" />
15-->src/main/AndroidManifest.xml:8:5-65
15-->src/main/AndroidManifest.xml:8:22-63
16    <uses-permission android:name="android.permission.WRITE_EXTERNAL_STORAGE" />
16-->src/main/AndroidManifest.xml:9:5-80
16-->src/main/AndroidManifest.xml:9:22-78
17    <uses-permission android:name="android.permission.WAKE_LOCK" />
17-->[:@react-native-firebase_auth] AndroidManifest.xml:12:5-68
17-->[:@react-native-firebase_auth] AndroidManifest.xml:12:22-65
18    <uses-permission android:name="android.permission.ACCESS_NETWORK_STATE" /> <!-- TODO(salakar) Not sure if this should be part of the package manifest or leave to users app manifest code? -->
18-->[:@react-native-firebase_auth] AndroidManifest.xml:13:5-79
18-->[:@react-native-firebase_auth] AndroidManifest.xml:13:22-76
19    <uses-permission android:name="android.permission.READ_EXTERNAL_STORAGE" />
19-->[:@react-native-firebase_storage] AndroidManifest.xml:15:5-80
19-->[:@react-native-firebase_storage] AndroidManifest.xml:15:22-77
20
21    <uses-feature
21-->[com.google.android.gms:play-services-maps:17.0.0] AndroidManifest.xml:26:5-28:35
22        android:glEsVersion="0x00020000"
22-->[com.google.android.gms:play-services-maps:17.0.0] AndroidManifest.xml:27:9-41
23        android:required="true" /> <!-- Required by older versions of Google Play services to create IID tokens -->
23-->[com.google.android.gms:play-services-maps:17.0.0] AndroidManifest.xml:28:9-32
24    <uses-permission android:name="com.google.android.c2dm.permission.RECEIVE" />
24-->[com.google.firebase:firebase-iid:20.0.1] AndroidManifest.xml:26:5-82
24-->[com.google.firebase:firebase-iid:20.0.1] AndroidManifest.xml:26:22-79
25    <uses-permission android:name="com.google.android.finsky.permission.BIND_GET_INSTALL_REFERRER_SERVICE" />
25-->[com.google.android.gms:play-services-measurement:17.2.1] AndroidManifest.xml:26:5-110
25-->[com.google.android.gms:play-services-measurement:17.2.1] AndroidManifest.xml:26:22-107
26
27    <application
27-->src/main/AndroidManifest.xml:11:5-37:19
28        android:name="com.babinsa.MainApplication"
28-->src/main/AndroidManifest.xml:12:7-38
29        android:allowBackup="false"
29-->src/main/AndroidManifest.xml:16:7-34
30        android:appComponentFactory="androidx.core.app.CoreComponentFactory"
30-->[androidx.core:core:1.0.1] AndroidManifest.xml:22:18-86
31        android:icon="@mipmap/ic_launcher"
31-->src/main/AndroidManifest.xml:14:7-41
32        android:label="@string/app_name"
32-->src/main/AndroidManifest.xml:13:7-39
33        android:roundIcon="@mipmap/ic_launcher_round"
33-->src/main/AndroidManifest.xml:15:7-52
34        android:theme="@style/AppTheme" >
34-->src/main/AndroidManifest.xml:17:7-38
35        <meta-data
35-->src/main/AndroidManifest.xml:19:7-97
36            android:name="com.google.android.geo.API_KEY"
36-->src/main/AndroidManifest.xml:19:18-63
37            android:value="@string/api_key" />
37-->src/main/AndroidManifest.xml:19:64-95
38
39        <activity
39-->src/main/AndroidManifest.xml:20:7-29:18
40            android:name="com.babinsa.MainActivity"
40-->src/main/AndroidManifest.xml:21:9-37
41            android:configChanges="keyboard|keyboardHidden|orientation|screenSize"
41-->src/main/AndroidManifest.xml:23:9-79
42            android:label="@string/app_name"
42-->src/main/AndroidManifest.xml:22:9-41
43            android:windowSoftInputMode="adjustResize" >
43-->src/main/AndroidManifest.xml:24:9-51
44            <intent-filter>
44-->src/main/AndroidManifest.xml:25:9-28:25
45                <action android:name="android.intent.action.MAIN" />
45-->src/main/AndroidManifest.xml:26:13-65
45-->src/main/AndroidManifest.xml:26:21-62
46
47                <category android:name="android.intent.category.LAUNCHER" />
47-->src/main/AndroidManifest.xml:27:13-73
47-->src/main/AndroidManifest.xml:27:23-70
48            </intent-filter>
49        </activity>
50        <activity android:name="com.facebook.react.devsupport.DevSettingsActivity" />
50-->src/main/AndroidManifest.xml:30:7-84
50-->src/main/AndroidManifest.xml:30:17-81
51
52        <service
52-->src/main/AndroidManifest.xml:31:7-35:17
53            android:name="io.invertase.firebase.messaging.ReactNativeFirebaseMessagingService"
53-->src/main/AndroidManifest.xml:31:16-98
54            android:exported="false" >
54-->[:@react-native-firebase_messaging] AndroidManifest.xml:19:13-37
55            <intent-filter>
55-->src/main/AndroidManifest.xml:32:9-34:25
56                <action android:name="com.google.firebase.MESSAGING_EVENT" />
56-->src/main/AndroidManifest.xml:33:11-72
56-->src/main/AndroidManifest.xml:33:19-69
57            </intent-filter>
58        </service>
59        <!-- <service android:name="io.invertase.firebase.messaging.ReactNativeFirebaseMessagingService" /> -->
60        <service android:name="io.invertase.firebase.messaging.ReactNativeFirebaseMessagingHeadlessService" />
60-->[:@react-native-firebase_messaging] AndroidManifest.xml:16:9-111
60-->[:@react-native-firebase_messaging] AndroidManifest.xml:16:18-108
61
62        <meta-data
62-->[:@react-native-firebase_messaging] AndroidManifest.xml:25:9-27:36
63            android:name="firebase_messaging_auto_init_enabled"
63-->[:@react-native-firebase_messaging] AndroidManifest.xml:26:13-64
64            android:value="true" /> <!-- Needs to be explicitly declared on P+ -->
64-->[:@react-native-firebase_messaging] AndroidManifest.xml:27:13-33
65        <uses-library
65-->[com.google.android.gms:play-services-maps:17.0.0] AndroidManifest.xml:33:9-35:40
66            android:name="org.apache.http.legacy"
66-->[com.google.android.gms:play-services-maps:17.0.0] AndroidManifest.xml:34:13-50
67            android:required="false" />
67-->[com.google.android.gms:play-services-maps:17.0.0] AndroidManifest.xml:35:13-37
68
69        <service
69-->[com.google.firebase:firebase-firestore:21.3.1] AndroidManifest.xml:17:9-23:19
70            android:name="com.google.firebase.components.ComponentDiscoveryService"
70-->[com.google.firebase:firebase-firestore:21.3.1] AndroidManifest.xml:18:13-84
71            android:directBootAware="true"
71-->[com.google.firebase:firebase-common:19.3.0] AndroidManifest.xml:34:13-43
72            android:exported="false" >
72-->[com.google.firebase:firebase-firestore:21.3.1] AndroidManifest.xml:19:13-37
73            <meta-data
73-->[com.google.firebase:firebase-firestore:21.3.1] AndroidManifest.xml:20:13-22:85
74                android:name="com.google.firebase.components:com.google.firebase.firestore.FirestoreRegistrar"
74-->[com.google.firebase:firebase-firestore:21.3.1] AndroidManifest.xml:21:17-111
75                android:value="com.google.firebase.components.ComponentRegistrar" />
75-->[com.google.firebase:firebase-firestore:21.3.1] AndroidManifest.xml:22:17-82
76            <meta-data
76-->[com.google.firebase:firebase-storage:19.1.0] AndroidManifest.xml:33:13-35:85
77                android:name="com.google.firebase.components:com.google.firebase.storage.StorageRegistrar"
77-->[com.google.firebase:firebase-storage:19.1.0] AndroidManifest.xml:34:17-107
78                android:value="com.google.firebase.components.ComponentRegistrar" />
78-->[com.google.firebase:firebase-storage:19.1.0] AndroidManifest.xml:35:17-82
79            <meta-data
79-->[com.google.firebase:firebase-auth:19.2.0] AndroidManifest.xml:36:13-38:85
80                android:name="com.google.firebase.components:com.google.firebase.auth.FirebaseAuthRegistrar"
80-->[com.google.firebase:firebase-auth:19.2.0] AndroidManifest.xml:37:17-109
81                android:value="com.google.firebase.components.ComponentRegistrar" />
81-->[com.google.firebase:firebase-auth:19.2.0] AndroidManifest.xml:38:17-82
82            <meta-data
82-->[com.google.firebase:firebase-functions:19.0.1] AndroidManifest.xml:18:13-20:85
83                android:name="com.google.firebase.components:com.google.firebase.functions.FunctionsRegistrar"
83-->[com.google.firebase:firebase-functions:19.0.1] AndroidManifest.xml:19:17-111
84                android:value="com.google.firebase.components.ComponentRegistrar" />
84-->[com.google.firebase:firebase-functions:19.0.1] AndroidManifest.xml:20:17-82
85            <meta-data
85-->[com.google.android.gms:play-services-measurement-api:17.2.1] AndroidManifest.xml:30:13-32:85
86                android:name="com.google.firebase.components:com.google.firebase.analytics.connector.internal.AnalyticsConnectorRegistrar"
86-->[com.google.android.gms:play-services-measurement-api:17.2.1] AndroidManifest.xml:31:17-139
87                android:value="com.google.firebase.components.ComponentRegistrar" />
87-->[com.google.android.gms:play-services-measurement-api:17.2.1] AndroidManifest.xml:32:17-82
88            <meta-data
88-->[com.google.firebase:firebase-iid:20.0.1] AndroidManifest.xml:32:13-34:85
89                android:name="com.google.firebase.components:com.google.firebase.iid.Registrar"
89-->[com.google.firebase:firebase-iid:20.0.1] AndroidManifest.xml:33:17-96
90                android:value="com.google.firebase.components.ComponentRegistrar" />
90-->[com.google.firebase:firebase-iid:20.0.1] AndroidManifest.xml:34:17-82
91        </service>
92
93        <activity
93-->[com.google.firebase:firebase-auth:19.2.0] AndroidManifest.xml:24:9-31:50
94            android:name="com.google.firebase.auth.internal.FederatedSignInActivity"
94-->[com.google.firebase:firebase-auth:19.2.0] AndroidManifest.xml:25:13-85
95            android:excludeFromRecents="true"
95-->[com.google.firebase:firebase-auth:19.2.0] AndroidManifest.xml:26:13-46
96            android:exported="true"
96-->[com.google.firebase:firebase-auth:19.2.0] AndroidManifest.xml:27:13-36
97            android:launchMode="singleTask"
97-->[com.google.firebase:firebase-auth:19.2.0] AndroidManifest.xml:28:13-44
98            android:permission="com.google.firebase.auth.api.gms.permission.LAUNCH_FEDERATED_SIGN_IN"
98-->[com.google.firebase:firebase-auth:19.2.0] AndroidManifest.xml:29:13-102
99            android:theme="@android:style/Theme.Translucent.NoTitleBar" />
99-->[com.google.firebase:firebase-auth:19.2.0] AndroidManifest.xml:30:13-72
100        <!--
101             FirebaseMessagingService performs security checks at runtime,
102             but set to not exported to explicitly avoid allowing another app to call it.
103        -->
104        <service
104-->[com.google.firebase:firebase-messaging:20.0.1] AndroidManifest.xml:28:9-34:19
105            android:name="com.google.firebase.messaging.FirebaseMessagingService"
105-->[com.google.firebase:firebase-messaging:20.0.1] AndroidManifest.xml:29:13-82
106            android:exported="false" >
106-->[com.google.firebase:firebase-messaging:20.0.1] AndroidManifest.xml:30:13-37
107            <intent-filter android:priority="-500" >
107-->src/main/AndroidManifest.xml:32:9-34:25
108                <action android:name="com.google.firebase.MESSAGING_EVENT" />
108-->src/main/AndroidManifest.xml:33:11-72
108-->src/main/AndroidManifest.xml:33:19-69
109            </intent-filter>
110        </service>
111
112        <receiver
112-->[com.google.firebase:firebase-iid:20.0.1] AndroidManifest.xml:37:9-44:20
113            android:name="com.google.firebase.iid.FirebaseInstanceIdReceiver"
113-->[com.google.firebase:firebase-iid:20.0.1] AndroidManifest.xml:38:13-78
114            android:exported="true"
114-->[com.google.firebase:firebase-iid:20.0.1] AndroidManifest.xml:39:13-36
115            android:permission="com.google.android.c2dm.permission.SEND" >
115-->[com.google.firebase:firebase-iid:20.0.1] AndroidManifest.xml:40:13-73
116            <intent-filter>
116-->[com.google.firebase:firebase-iid:20.0.1] AndroidManifest.xml:41:13-43:29
117                <action android:name="com.google.android.c2dm.intent.RECEIVE" />
117-->[com.google.firebase:firebase-iid:20.0.1] AndroidManifest.xml:42:17-81
117-->[com.google.firebase:firebase-iid:20.0.1] AndroidManifest.xml:42:25-78
118            </intent-filter>
119        </receiver>
120
121        <activity
121-->[com.google.android.gms:play-services-base:17.1.0] AndroidManifest.xml:23:9-26:75
122            android:name="com.google.android.gms.common.api.GoogleApiActivity"
122-->[com.google.android.gms:play-services-base:17.1.0] AndroidManifest.xml:24:13-79
123            android:exported="false"
123-->[com.google.android.gms:play-services-base:17.1.0] AndroidManifest.xml:25:13-37
124            android:theme="@android:style/Theme.Translucent.NoTitleBar" />
124-->[com.google.android.gms:play-services-base:17.1.0] AndroidManifest.xml:26:13-72
125
126        <provider
126-->[com.google.firebase:firebase-common:19.3.0] AndroidManifest.xml:26:9-30:39
127            android:name="com.google.firebase.provider.FirebaseInitProvider"
127-->[com.google.firebase:firebase-common:19.3.0] AndroidManifest.xml:27:13-77
128            android:authorities="com.babinsa.firebaseinitprovider"
128-->[com.google.firebase:firebase-common:19.3.0] AndroidManifest.xml:28:13-72
129            android:exported="false"
129-->[com.google.firebase:firebase-common:19.3.0] AndroidManifest.xml:29:13-37
130            android:initOrder="100" />
130-->[com.google.firebase:firebase-common:19.3.0] AndroidManifest.xml:30:13-36
131
132        <receiver
132-->[com.google.android.gms:play-services-measurement:17.2.1] AndroidManifest.xml:29:9-33:20
133            android:name="com.google.android.gms.measurement.AppMeasurementReceiver"
133-->[com.google.android.gms:play-services-measurement:17.2.1] AndroidManifest.xml:30:13-85
134            android:enabled="true"
134-->[com.google.android.gms:play-services-measurement:17.2.1] AndroidManifest.xml:31:13-35
135            android:exported="false" >
135-->[com.google.android.gms:play-services-measurement:17.2.1] AndroidManifest.xml:32:13-37
136        </receiver>
137        <receiver
137-->[com.google.android.gms:play-services-measurement:17.2.1] AndroidManifest.xml:34:9-42:20
138            android:name="com.google.android.gms.measurement.AppMeasurementInstallReferrerReceiver"
138-->[com.google.android.gms:play-services-measurement:17.2.1] AndroidManifest.xml:35:13-100
139            android:enabled="true"
139-->[com.google.android.gms:play-services-measurement:17.2.1] AndroidManifest.xml:36:13-35
140            android:exported="true"
140-->[com.google.android.gms:play-services-measurement:17.2.1] AndroidManifest.xml:37:13-36
141            android:permission="android.permission.INSTALL_PACKAGES" >
141-->[com.google.android.gms:play-services-measurement:17.2.1] AndroidManifest.xml:38:13-69
142            <intent-filter>
142-->[com.google.android.gms:play-services-measurement:17.2.1] AndroidManifest.xml:39:13-41:29
143                <action android:name="com.android.vending.INSTALL_REFERRER" />
143-->[com.google.android.gms:play-services-measurement:17.2.1] AndroidManifest.xml:40:17-79
143-->[com.google.android.gms:play-services-measurement:17.2.1] AndroidManifest.xml:40:25-76
144            </intent-filter>
145        </receiver>
146
147        <service
147-->[com.google.android.gms:play-services-measurement:17.2.1] AndroidManifest.xml:44:9-47:40
148            android:name="com.google.android.gms.measurement.AppMeasurementService"
148-->[com.google.android.gms:play-services-measurement:17.2.1] AndroidManifest.xml:45:13-84
149            android:enabled="true"
149-->[com.google.android.gms:play-services-measurement:17.2.1] AndroidManifest.xml:46:13-35
150            android:exported="false" />
150-->[com.google.android.gms:play-services-measurement:17.2.1] AndroidManifest.xml:47:13-37
151        <service
151-->[com.google.android.gms:play-services-measurement:17.2.1] AndroidManifest.xml:48:9-52:72
152            android:name="com.google.android.gms.measurement.AppMeasurementJobService"
152-->[com.google.android.gms:play-services-measurement:17.2.1] AndroidManifest.xml:49:13-87
153            android:enabled="true"
153-->[com.google.android.gms:play-services-measurement:17.2.1] AndroidManifest.xml:50:13-35
154            android:exported="false"
154-->[com.google.android.gms:play-services-measurement:17.2.1] AndroidManifest.xml:51:13-37
155            android:permission="android.permission.BIND_JOB_SERVICE" />
155-->[com.google.android.gms:play-services-measurement:17.2.1] AndroidManifest.xml:52:13-69
156
157        <meta-data
157-->[com.google.android.gms:play-services-basement:17.0.0] AndroidManifest.xml:23:9-25:69
158            android:name="com.google.android.gms.version"
158-->[com.google.android.gms:play-services-basement:17.0.0] AndroidManifest.xml:24:13-58
159            android:value="@integer/google_play_services_version" />
159-->[com.google.android.gms:play-services-basement:17.0.0] AndroidManifest.xml:25:13-66
160    </application>
161
162</manifest>